c:\users\dell\documents\visual studio 2015\projects\图形学opengl\maze\maze\debug\vc140.pdb
c:\users\dell\documents\visual studio 2015\projects\图形学opengl\maze\maze\debug\vc140.idb
c:\users\dell\documents\visual studio 2015\projects\图形学opengl\maze\maze\debug\main.obj
c:\users\dell\documents\visual studio 2015\projects\图形学opengl\maze\maze\debug\seekroad.obj
c:\users\dell\documents\visual studio 2015\projects\图形学opengl\maze\debug\maze.pdb
c:\users\dell\documents\visual studio 2015\projects\图形学opengl\maze\maze\debug\maze.tlog\cl.command.1.tlog
c:\users\dell\documents\visual studio 2015\projects\图形学opengl\maze\maze\debug\maze.tlog\cl.read.1.tlog
c:\users\dell\documents\visual studio 2015\projects\图形学opengl\maze\maze\debug\maze.tlog\cl.write.1.tlog
c:\users\dell\documents\visual studio 2015\projects\图形学opengl\maze\maze\debug\maze.tlog\link-cvtres.read.1.tlog
c:\users\dell\documents\visual studio 2015\projects\图形学opengl\maze\maze\debug\maze.tlog\link-cvtres.write.1.tlog
c:\users\dell\documents\visual studio 2015\projects\图形学opengl\maze\maze\debug\maze.tlog\link-rc.read.1.tlog
c:\users\dell\documents\visual studio 2015\projects\图形学opengl\maze\maze\debug\maze.tlog\link-rc.write.1.tlog
c:\users\dell\documents\visual studio 2015\projects\图形学opengl\maze\maze\debug\maze.tlog\link.17748-cvtres.read.1.tlog
c:\users\dell\documents\visual studio 2015\projects\图形学opengl\maze\maze\debug\maze.tlog\link.17748-cvtres.write.1.tlog
c:\users\dell\documents\visual studio 2015\projects\图形学opengl\maze\maze\debug\maze.tlog\link.17748-rc.read.1.tlog
c:\users\dell\documents\visual studio 2015\projects\图形学opengl\maze\maze\debug\maze.tlog\link.17748-rc.write.1.tlog
c:\users\dell\documents\visual studio 2015\projects\图形学opengl\maze\maze\debug\maze.tlog\link.17748.read.1.tlog
c:\users\dell\documents\visual studio 2015\projects\图形学opengl\maze\maze\debug\maze.tlog\link.17748.write.1.tlog
c:\users\dell\documents\visual studio 2015\projects\图形学opengl\maze\maze\debug\maze.tlog\link.command.1.tlog
c:\users\dell\documents\visual studio 2015\projects\图形学opengl\maze\maze\debug\maze.tlog\link.read.1.tlog
c:\users\dell\documents\visual studio 2015\projects\图形学opengl\maze\maze\debug\maze.tlog\link.write.1.tlog
